<?xml version="1.0" encoding="UTF-8" ?>
<testsuite tests="6" failures="0" name="runners.TestRunner" time="0.114" errors="5" skipped="0">
  <properties>
[...]
</properties>
  <testcase classname="US1001 Kullanici amazon sayfasinda arama yapar" name="TC01 kullanici amazonda Nutella aratir" time="0.095">
    <error message="The step &apos;kullanici amazon sayfasina gider&apos; and 3 other step(s) are undefined.
You can implement these steps using the snippet(s) below:

@Given(&quot;kullanici amazon sayfasina gider&quot;)
public void kullanici_amazon_sayfasina_gider() {
    // Write code here that turns the phrase above into concrete actions
    throw new io.cucumber.java.PendingException();
}
@Then(&quot;kullanici Nutella icin arama yapar&quot;)
public void kullanici_nutella_icin_arama_yapar() {
    // Write code here that turns the phrase above into concrete actions
    throw new io.cucumber.java.PendingException();
}
@Then(&quot;sonuclarin Nutella icerdigini test eder&quot;)
public void sonuclarin_nutella_icerdigini_test_eder() {
    // Write code here that turns the phrase above into concrete actions
    throw new io.cucumber.java.PendingException();
}
@Then(&quot;sayfayi kapatir&quot;)
public void sayfayi_kapatir() {
    // Write code here that turns the phrase above into concrete actions
    throw new io.cucumber.java.PendingException();
}
" type="io.cucumber.junit.UndefinedStepException">io.cucumber.junit.UndefinedStepException: The step &apos;kullanici amazon sayfasina gider&apos; and 3 other step(s) are undefined.
You can implement these steps using the snippet(s) below:

@Given(&quot;kullanici amazon sayfasina gider&quot;)
public void kullanici_amazon_sayfasina_gider() {
    // Write code here that turns the phrase above into concrete actions
    throw new io.cucumber.java.PendingException();
}
@Then(&quot;kullanici Nutella icin arama yapar&quot;)
public void kullanici_nutella_icin_arama_yapar() {
    // Write code here that turns the phrase above into concrete actions
    throw new io.cucumber.java.PendingException();
}
@Then(&quot;sonuclarin Nutella icerdigini test eder&quot;)
public void sonuclarin_nutella_icerdigini_test_eder() {
    // Write code here that turns the phrase above into concrete actions
    throw new io.cucumber.java.PendingException();
}
@Then(&quot;sayfayi kapatir&quot;)
public void sayfayi_kapatir() {
    // Write code here that turns the phrase above into concrete actions
    throw new io.cucumber.java.PendingException();
}

</error>
    <system-err>May 18, 2023 10:01:30 ÖS io.cucumber.core.feature.GluePath warnWhenWellKnownProjectSourceDirectory
WARNING: Consider replacing glue path &apos;src/test/java/stepDefinitions&apos; with &apos;stepDefinitions&apos;.
&apos;
The current glue path points to a source directory in your project. However cucumber looks for glue (i.e. step definitions) on the classpath. By using a package name you can avoid this ambiguity.
</system-err>
  </testcase>
  <testcase classname="US1001 Kullanici amazon sayfasinda arama yapar" name="TC02 kullanici amazonda Java aratir" time="0.003">
    <error message="The step &apos;kullanici amazon sayfasina gider&apos; and 3 other step(s) are undefined.
You can implement these steps using the snippet(s) below:

@Given(&quot;kullanici amazon sayfasina gider&quot;)
public void kullanici_amazon_sayfasina_gider() {
    // Write code here that turns the phrase above into concrete actions
    throw new io.cucumber.java.PendingException();
}
@Then(&quot;kullanici Java icin arama yapar&quot;)
public void kullanici_java_icin_arama_yapar() {
    // Write code here that turns the phrase above into concrete actions
    throw new io.cucumber.java.PendingException();
}
@Then(&quot;sonuclarin Java icerdigini test eder&quot;)
public void sonuclarin_java_icerdigini_test_eder() {
    // Write code here that turns the phrase above into concrete actions
    throw new io.cucumber.java.PendingException();
}
@Then(&quot;sayfayi kapatir&quot;)
public void sayfayi_kapatir() {
    // Write code here that turns the phrase above into concrete actions
    throw new io.cucumber.java.PendingException();
}
" type="io.cucumber.junit.UndefinedStepException">io.cucumber.junit.UndefinedStepException: The step &apos;kullanici amazon sayfasina gider&apos; and 3 other step(s) are undefined.
You can implement these steps using the snippet(s) below:

@Given(&quot;kullanici amazon sayfasina gider&quot;)
public void kullanici_amazon_sayfasina_gider() {
    // Write code here that turns the phrase above into concrete actions
    throw new io.cucumber.java.PendingException();
}
@Then(&quot;kullanici Java icin arama yapar&quot;)
public void kullanici_java_icin_arama_yapar() {
    // Write code here that turns the phrase above into concrete actions
    throw new io.cucumber.java.PendingException();
}
@Then(&quot;sonuclarin Java icerdigini test eder&quot;)
public void sonuclarin_java_icerdigini_test_eder() {
    // Write code here that turns the phrase above into concrete actions
    throw new io.cucumber.java.PendingException();
}
@Then(&quot;sayfayi kapatir&quot;)
public void sayfayi_kapatir() {
    // Write code here that turns the phrase above into concrete actions
    throw new io.cucumber.java.PendingException();
}

</error>
  </testcase>
  <testcase classname="US1001 Kullanici amazon sayfasinda arama yapar" name="TC03 kullanici amazonda Iphone aratir" time="0.004">
    <error message="The step &apos;kullanici amazon sayfasina gider&apos; and 3 other step(s) are undefined.
You can implement these steps using the snippet(s) below:

@Given(&quot;kullanici amazon sayfasina gider&quot;)
public void kullanici_amazon_sayfasina_gider() {
    // Write code here that turns the phrase above into concrete actions
    throw new io.cucumber.java.PendingException();
}
@Then(&quot;kullanici iphone icin arama yapar&quot;)
public void kullanici_iphone_icin_arama_yapar() {
    // Write code here that turns the phrase above into concrete actions
    throw new io.cucumber.java.PendingException();
}
@Then(&quot;sonuclarin iphone icerdigini test eder&quot;)
public void sonuclarin_iphone_icerdigini_test_eder() {
    // Write code here that turns the phrase above into concrete actions
    throw new io.cucumber.java.PendingException();
}
@Then(&quot;sayfayi kapatir&quot;)
public void sayfayi_kapatir() {
    // Write code here that turns the phrase above into concrete actions
    throw new io.cucumber.java.PendingException();
}
" type="io.cucumber.junit.UndefinedStepException">io.cucumber.junit.UndefinedStepException: The step &apos;kullanici amazon sayfasina gider&apos; and 3 other step(s) are undefined.
You can implement these steps using the snippet(s) below:

@Given(&quot;kullanici amazon sayfasina gider&quot;)
public void kullanici_amazon_sayfasina_gider() {
    // Write code here that turns the phrase above into concrete actions
    throw new io.cucumber.java.PendingException();
}
@Then(&quot;kullanici iphone icin arama yapar&quot;)
public void kullanici_iphone_icin_arama_yapar() {
    // Write code here that turns the phrase above into concrete actions
    throw new io.cucumber.java.PendingException();
}
@Then(&quot;sonuclarin iphone icerdigini test eder&quot;)
public void sonuclarin_iphone_icerdigini_test_eder() {
    // Write code here that turns the phrase above into concrete actions
    throw new io.cucumber.java.PendingException();
}
@Then(&quot;sayfayi kapatir&quot;)
public void sayfayi_kapatir() {
    // Write code here that turns the phrase above into concrete actions
    throw new io.cucumber.java.PendingException();
}

</error>
  </testcase>
  <testcase classname="US1002 Kullanici Ortak Adimlari Background ile calistirir" name="TC04 Kullanici amazonda nutella aratir" time="0.006">
    <error message="The step &apos;kullanici amazon sayfasina gider&apos; and 3 other step(s) are undefined.
You can implement these steps using the snippet(s) below:

@Given(&quot;kullanici amazon sayfasina gider&quot;)
public void kullanici_amazon_sayfasina_gider() {
    // Write code here that turns the phrase above into concrete actions
    throw new io.cucumber.java.PendingException();
}
@Given(&quot;kullanici Nutella icin arama yapar&quot;)
public void kullanici_nutella_icin_arama_yapar() {
    // Write code here that turns the phrase above into concrete actions
    throw new io.cucumber.java.PendingException();
}
@Then(&quot;sonuclarin Nutella icerdigini test eder&quot;)
public void sonuclarin_nutella_icerdigini_test_eder() {
    // Write code here that turns the phrase above into concrete actions
    throw new io.cucumber.java.PendingException();
}
@Then(&quot;sayfayi kapatir&quot;)
public void sayfayi_kapatir() {
    // Write code here that turns the phrase above into concrete actions
    throw new io.cucumber.java.PendingException();
}
" type="io.cucumber.junit.UndefinedStepException">io.cucumber.junit.UndefinedStepException: The step &apos;kullanici amazon sayfasina gider&apos; and 3 other step(s) are undefined.
You can implement these steps using the snippet(s) below:

@Given(&quot;kullanici amazon sayfasina gider&quot;)
public void kullanici_amazon_sayfasina_gider() {
    // Write code here that turns the phrase above into concrete actions
    throw new io.cucumber.java.PendingException();
}
@Given(&quot;kullanici Nutella icin arama yapar&quot;)
public void kullanici_nutella_icin_arama_yapar() {
    // Write code here that turns the phrase above into concrete actions
    throw new io.cucumber.java.PendingException();
}
@Then(&quot;sonuclarin Nutella icerdigini test eder&quot;)
public void sonuclarin_nutella_icerdigini_test_eder() {
    // Write code here that turns the phrase above into concrete actions
    throw new io.cucumber.java.PendingException();
}
@Then(&quot;sayfayi kapatir&quot;)
public void sayfayi_kapatir() {
    // Write code here that turns the phrase above into concrete actions
    throw new io.cucumber.java.PendingException();
}

</error>
  </testcase>
  <testcase classname="US1002 Kullanici Ortak Adimlari Background ile calistirir" name="TC05 Kullanici Amazonda Java Aratir" time="0.005">
    <error message="The step &apos;kullanici amazon sayfasina gider&apos; and 3 other step(s) are undefined.
You can implement these steps using the snippet(s) below:

@Given(&quot;kullanici amazon sayfasina gider&quot;)
public void kullanici_amazon_sayfasina_gider() {
    // Write code here that turns the phrase above into concrete actions
    throw new io.cucumber.java.PendingException();
}
@Given(&quot;kullanici Java icin arama yapar&quot;)
public void kullanici_java_icin_arama_yapar() {
    // Write code here that turns the phrase above into concrete actions
    throw new io.cucumber.java.PendingException();
}
@Then(&quot;sonuclarin Java icerdigini test eder&quot;)
public void sonuclarin_java_icerdigini_test_eder() {
    // Write code here that turns the phrase above into concrete actions
    throw new io.cucumber.java.PendingException();
}
@Then(&quot;sayfayi kapatir&quot;)
public void sayfayi_kapatir() {
    // Write code here that turns the phrase above into concrete actions
    throw new io.cucumber.java.PendingException();
}
" type="io.cucumber.junit.UndefinedStepException">io.cucumber.junit.UndefinedStepException: The step &apos;kullanici amazon sayfasina gider&apos; and 3 other step(s) are undefined.
You can implement these steps using the snippet(s) below:

@Given(&quot;kullanici amazon sayfasina gider&quot;)
public void kullanici_amazon_sayfasina_gider() {
    // Write code here that turns the phrase above into concrete actions
    throw new io.cucumber.java.PendingException();
}
@Given(&quot;kullanici Java icin arama yapar&quot;)
public void kullanici_java_icin_arama_yapar() {
    // Write code here that turns the phrase above into concrete actions
    throw new io.cucumber.java.PendingException();
}
@Then(&quot;sonuclarin Java icerdigini test eder&quot;)
public void sonuclarin_java_icerdigini_test_eder() {
    // Write code here that turns the phrase above into concrete actions
    throw new io.cucumber.java.PendingException();
}
@Then(&quot;sayfayi kapatir&quot;)
public void sayfayi_kapatir() {
    // Write code here that turns the phrase above into concrete actions
    throw new io.cucumber.java.PendingException();
}

</error>
  </testcase>
  <testcase classname="(US1003 Kullanici Parametre Kullanarak arama yapabilmeli)" name="(US1003 Kullanici Parametre Kullanarak arama yapabilmeli)" time="0.001"/>
</testsuite>